<?xml version="1.0" encoding="utf-8"?><testsuites name="pytest tests"><testsuite name="pytest" errors="0" failures="0" skipped="0" tests="8" time="5.640" timestamp="2026-08-15T18:38:39.348139+00:00" hostname="agent-env-1365ac7b-1f03-493f-9c4b-0168958ed9ef"><testcase classname="backend.tests.test_booking_flow" name="test_availability_shape" time="1.171" /><testcase classname="backend.tests.test_booking_flow" name="test_checkout_valid_returns_stripe_url" time="1.804" /><testcase classname="backend.tests.test_booking_flow" name="test_checkout_invalid_package_returns_422" time="0.049" /><testcase classname="backend.tests.test_booking_flow" name="test_checkout_past_date_returns_422" time="0.045" /><testcase classname="backend.tests.test_booking_flow" name="test_checkout_same_date_lock_returns_409" time="1.845" /><testcase classname="backend.tests.test_booking_flow" name="test_status_for_created_session_pending" time="0.315" /><testcase classname="backend.tests.test_booking_flow" name="test_status_for_fake_session_returns_404" time="0.194" /><testcase classname="backend.tests.test_booking_flow" name="test_webhook_without_signature_returns_400" time="0.157" /></testsuite></testsuites>