<?xml version="1.0" encoding="utf-8"?><testsuites name="pytest tests"><testsuite name="pytest" errors="0" failures="0" skipped="0" tests="7" time="2.722" timestamp="2026-08-24T22:43:44.288596+00:00" hostname="agent-env-1365ac7b-1f03-493f-9c4b-0168958ed9ef"><testcase classname="backend.tests.test_cron_auth_only" name="test_case1_raw_secret_as_bearer_returns_401_with_diagnostic" time="0.336" /><testcase classname="backend.tests.test_cron_auth_only" name="test_case2_valid_signed_jwt_dry_run_returns_200" time="1.722" /><testcase classname="backend.tests.test_cron_auth_only" name="test_case3_missing_token_returns_401" time="0.135" /><testcase classname="backend.tests.test_cron_auth_only" name="test_wrong_secret_returns_401" time="0.110" /><testcase classname="backend.tests.test_cron_auth_only" name="test_wrong_audience_returns_401" time="0.111" /><testcase classname="backend.tests.test_cron_auth_only" name="test_wrong_scope_returns_403" time="0.119" /><testcase classname="backend.tests.test_cron_auth_only" name="test_expired_token_returns_401" time="0.112" /></testsuite></testsuites>