<?xml version="1.0" encoding="utf-8"?><testsuites name="pytest tests"><testsuite name="pytest" errors="0" failures="0" skipped="0" tests="6" time="2.714" timestamp="2026-08-15T15:12:00.364636+00:00" hostname="agent-env-1365ac7b-1f03-493f-9c4b-0168958ed9ef"><testcase classname="backend.tests.test_health" name="test_health_returns_valid_status" time="0.465" /><testcase classname="backend.tests.test_health" name="test_health_response_shape" time="0.256" /><testcase classname="backend.tests.test_health" name="test_health_does_not_leak_raw_exception_details" time="0.302" /><testcase classname="backend.tests.test_health" name="test_health_latency_bounded" time="0.250" /><testcase classname="backend.tests.test_health" name="test_socket_timeout_restored_after_health_call" time="0.578" /><testcase classname="backend.tests.test_health" name="test_health_is_idempotent_across_repeated_calls" time="0.800" /></testsuite></testsuites>