<?xml version="1.0" encoding="utf-8"?><testsuites name="pytest tests"><testsuite name="pytest" errors="0" failures="0" skipped="0" tests="10" time="13.200" timestamp="2026-08-05T21:59:33.828346+00:00" hostname="agent-env-1365ac7b-1f03-493f-9c4b-0168958ed9ef"><testcase classname="backend.tests.iteration3_test" name="test_erasure_audit_admin_returns_list_with_known_entry" time="1.736" /><testcase classname="backend.tests.iteration3_test" name="test_erasure_audit_client_token_403" time="1.080" /><testcase classname="backend.tests.iteration3_test" name="test_erasure_audit_no_token_401" time="0.122" /><testcase classname="backend.tests.iteration3_test" name="test_rls_client_cannot_read_audit" time="0.210" /><testcase classname="backend.tests.iteration3_test" name="test_rls_admin_can_read_audit_via_rest" time="0.232" /><testcase classname="backend.tests.iteration3_test" name="test_rls_client_cannot_insert_audit" time="0.211" /><testcase classname="backend.tests.iteration3_test" name="test_erase_client_d_full_flow" time="6.657" /><testcase classname="backend.tests.iteration3_test" name="test_erase_client_d_idempotent_409" time="0.624" /><testcase classname="backend.tests.iteration3_test" name="test_erase_admin_self_returns_400" time="1.130" /><testcase classname="backend.tests.iteration3_test" name="test_seeded_rows_have_is_seed_data_true" time="1.086" /></testsuite></testsuites>