<?xml version="1.0" encoding="utf-8"?><testsuites name="pytest tests"><testsuite name="pytest" errors="0" failures="0" skipped="0" tests="11" time="5.558" timestamp="2026-08-05T22:32:51.684968+00:00" hostname="agent-env-1365ac7b-1f03-493f-9c4b-0168958ed9ef"><testcase classname="backend.tests.iteration4_test.TestPurgeGuard" name="test_no_token" time="0.321" /><testcase classname="backend.tests.iteration4_test.TestPurgeGuard" name="test_client_token_forbidden" time="1.176" /><testcase classname="backend.tests.iteration4_test.TestPurgeGuard" name="test_admin_lowercase_rejected" time="0.674" /><testcase classname="backend.tests.iteration4_test.TestPurgeGuard" name="test_admin_wrong_text_rejected" time="0.488" /><testcase classname="backend.tests.iteration4_test.TestPurgeGuard" name="test_admin_missing_field_rejected" time="0.393" /><testcase classname="backend.tests.iteration4_test.TestAuditLog" name="test_audit_has_backfilled_entry" time="0.586" /><testcase classname="backend.tests.iteration4_test.TestSeedTagging" name="test_no_untagged_seed_rows" time="1.056" /><testcase classname="backend.tests.iteration4_test.TestDemoClientDashboard" name="test_bookings_present" time="0.209" /><testcase classname="backend.tests.iteration4_test.TestDemoClientDashboard" name="test_deliverables_present" time="0.206" /><testcase classname="backend.tests.iteration4_test.TestDemoClientDashboard" name="test_invoices_present" time="0.186" /><testcase classname="backend.tests.iteration4_test.TestDemoClientDashboard" name="test_retainer_present" time="0.201" /></testsuite></testsuites>