<?xml version="1.0" encoding="utf-8"?><testsuites name="pytest tests"><testsuite name="pytest" errors="0" failures="0" skipped="0" tests="9" time="11.206" timestamp="2026-08-05T22:51:25.535352+00:00" hostname="agent-env-1365ac7b-1f03-493f-9c4b-0168958ed9ef"><testcase classname="backend.tests.iteration5_test.TestApproveCut" name="test_approve_401_no_token" time="0.340" /><testcase classname="backend.tests.iteration5_test.TestApproveCut" name="test_approve_409_already_approved" time="1.714" /><testcase classname="backend.tests.iteration5_test.TestApproveCut" name="test_approve_409_final_delivered" time="0.968" /><testcase classname="backend.tests.iteration5_test.TestApproveCut" name="test_approve_403_not_your_deliverable" time="2.408" /><testcase classname="backend.tests.iteration5_test.TestProfileRLS" name="test_client_cannot_escalate_role" time="1.034" /><testcase classname="backend.tests.iteration5_test.TestProfileRLS" name="test_client_can_update_own_phone" time="0.857" /><testcase classname="backend.tests.iteration5_test.TestOverdueSweep" name="test_existing_overdue_flag" time="0.199" /><testcase classname="backend.tests.iteration5_test.TestOverdueSweep" name="test_sweep_flips_past_due_sent_to_overdue" time="2.967" /><testcase classname="backend.tests.iteration5_test.TestOverdueSweep" name="test_paid_invoice_untouched" time="0.657" /></testsuite></testsuites>