<?xml version="1.0" encoding="utf-8"?><testsuites name="pytest tests"><testsuite name="pytest" errors="0" failures="0" skipped="0" tests="10" time="10.974" timestamp="2026-08-05T19:53:27.991999+00:00" hostname="agent-env-1365ac7b-1f03-493f-9c4b-0168958ed9ef"><testcase classname="backend.tests.backend_test" name="test_health" time="0.375" /><testcase classname="backend.tests.backend_test" name="test_ensure_no_token" time="0.202" /><testcase classname="backend.tests.backend_test" name="test_admin_clients_no_token" time="0.129" /><testcase classname="backend.tests.backend_test" name="test_me_client_returns_role_client" time="1.362" /><testcase classname="backend.tests.backend_test" name="test_me_admin_returns_role_admin" time="1.113" /><testcase classname="backend.tests.backend_test" name="test_admin_clients_client_token_403" time="0.635" /><testcase classname="backend.tests.backend_test" name="test_admin_clients_admin_ok" time="0.558" /><testcase classname="backend.tests.backend_test" name="test_erase_admin_returns_400" time="1.278" /><testcase classname="backend.tests.backend_test" name="test_erase_client_b_full_flow" time="4.415" /><testcase classname="backend.tests.backend_test" name="test_client_a_still_intact_after_b_erase" time="0.851" /></testsuite></testsuites>