<?xml version="1.0" encoding="utf-8"?><testsuites name="pytest tests"><testsuite name="pytest" errors="0" failures="0" skipped="0" tests="9" time="17.452" timestamp="2026-08-05T19:30:33.871567+00:00" hostname="agent-env-1365ac7b-1f03-493f-9c4b-0168958ed9ef"><testcase classname="backend.tests.backend_test" name="test_health" time="4.457" /><testcase classname="backend.tests.backend_test" name="test_ensure_no_token" time="10.261" /><testcase classname="backend.tests.backend_test" name="test_ensure_garbage_token" time="0.610" /><testcase classname="backend.tests.backend_test" name="test_ensure_valid_token_returns_503_schema_hint" time="1.377" /><testcase classname="backend.tests.backend_test" name="test_admin_clients_no_token" time="0.196" /><testcase classname="backend.tests.backend_test" name="test_admin_clients_garbage_token" time="0.445" /><testcase classname="backend.tests.backend_test" name="test_schema_review_update_uses_author_user_id" time="0.000" /><testcase classname="backend.tests.backend_test" name="test_schema_invoices_currency_gbp" time="0.000" /><testcase classname="backend.tests.backend_test" name="test_schema_invoices_client_id_restrict" time="0.000" /></testsuite></testsuites>