<?xml version="1.0" encoding="utf-8"?><testsuites name="pytest tests"><testsuite name="pytest" errors="0" failures="0" skipped="0" tests="4" time="2.217" timestamp="2026-08-05T23:12:35.884960+00:00" hostname="agent-env-1365ac7b-1f03-493f-9c4b-0168958ed9ef"><testcase classname="backend.tests.test_revision_rounds" name="test_request_changes_requires_token" time="0.909" /><testcase classname="backend.tests.test_revision_rounds" name="test_request_changes_empty_note_returns_422" time="0.718" /><testcase classname="backend.tests.test_revision_rounds" name="test_request_changes_on_final_delivered_returns_409" time="0.540" /><testcase classname="backend.tests.test_revision_rounds" name="test_seed_state" time="0.000" /></testsuite></testsuites>